<?xml version="1.0" encoding="UTF-8"?>
<!-- Generated by org.testng.reporters.JUnitXMLReporter -->
<testsuite ignored="4" hostname="Baishnab" failures="0" tests="1" name="Default test" time="5.598" errors="0" timestamp="2023-09-22T20:08:41 IST">
  <testcase classname="com.ninjha.testScript.LoginTest" name="loginWithInvalidCredetials" time="0.965"/>
  <testcase classname="com.ninjha.testScript.LoginTest" name="verifyWithValidCredetials" time="0.0">
    <ignored/>
  </testcase> <!-- verifyWithValidCredetials -->
  <testcase classname="com.ninjha.testScript.LoginTest" name="verifyValidEmailAndInvalidPassword" time="0.0">
    <ignored/>
  </testcase> <!-- verifyValidEmailAndInvalidPassword -->
  <testcase classname="com.ninjha.testScript.LoginTest" name="verifyWithInvalidEmailAndValidPassord" time="0.0">
    <ignored/>
  </testcase> <!-- verifyWithInvalidEmailAndValidPassord -->
  <testcase classname="com.ninjha.testScript.LoginTest" name="verifyLoginWithoutProvindingCredential" time="0.0">
    <ignored/>
  </testcase> <!-- verifyLoginWithoutProvindingCredential -->
</testsuite> <!-- Default test -->
